2023-07-22 02:59:31,019:DEBUG:certbot._internal.main:certbot version: 2.6.0
2023-07-22 02:59:31,019:DEBUG:certbot._internal.main:Location of certbot entry point: /usr/local/bin/certbot
2023-07-22 02:59:31,019:DEBUG:certbot._internal.main:Arguments: ['--webroot', '--webroot-path', '/var/www/certbot/', '-d', 'viconsultorarrhh.com.ar', '-m', 'adriannborella@gmail.com']
2023-07-22 02:59:31,019:DEBUG:certbot._internal.main:Discovered plugins: PluginsRegistry(PluginEntryPoint#manual,PluginEntryPoint#null,PluginEntryPoint#standalone,PluginEntryPoint#webroot)
2023-07-22 02:59:31,030:DEBUG:certbot._internal.log:Root logging level set at 30
2023-07-22 02:59:31,030:DEBUG:certbot._internal.plugins.selection:Requested authenticator webroot and installer None
2023-07-22 02:59:31,032:DEBUG:certbot._internal.plugins.selection:Single candidate plugin: * webroot
Description: Saves the necessary validation files to a .well-known/acme-challenge/ directory within the nominated webroot path. A seperate HTTP server must be running and serving files from the webroot path. HTTP challenge only (wildcards not supported).
Interfaces: Authenticator, Plugin
Entry point: webroot = certbot._internal.plugins.webroot:Authenticator
Initialized: <certbot._internal.plugins.webroot.Authenticator object at 0xffffb480d300>
Prep: True
2023-07-22 02:59:31,032:DEBUG:certbot._internal.plugins.selection:Selected authenticator <certbot._internal.plugins.webroot.Authenticator object at 0xffffb480d300> and installer None
2023-07-22 02:59:31,032:INFO:certbot._internal.plugins.selection:Plugins selected: Authenticator webroot, Installer None
2023-07-22 02:59:31,378:DEBUG:acme.client:Sending GET request to https://acme-v02.api.letsencrypt.org/directory.
2023-07-22 02:59:31,380:DEBUG:urllib3.connectionpool:Starting new HTTPS connection (1): acme-v02.api.letsencrypt.org:443
2023-07-22 02:59:31,868:DEBUG:urllib3.connectionpool:https://acme-v02.api.letsencrypt.org:443 "GET /directory HTTP/1.1" 200 752
2023-07-22 02:59:31,869:DEBUG:acme.client:Received response:
HTTP 200
Server: nginx
Date: Sat, 22 Jul 2023 02:59:31 GMT
Content-Type: application/json
Content-Length: 752
Connection: keep-alive
Cache-Control: public, max-age=0, no-cache
X-Frame-Options: DENY
Strict-Transport-Security: max-age=604800

{
  "aCIhbnHDGf4": "https://community.letsencrypt.org/t/adding-random-entries-to-the-directory/33417",
  "keyChange": "https://acme-v02.api.letsencrypt.org/acme/key-change",
  "meta": {
    "caaIdentities": [
      "letsencrypt.org"
    ],
    "termsOfService": "https://letsencrypt.org/documents/LE-SA-v1.3-September-21-2022.pdf",
    "website": "https://letsencrypt.org"
  },
  "newAccount": "https://acme-v02.api.letsencrypt.org/acme/new-acct",
  "newNonce": "https://acme-v02.api.letsencrypt.org/acme/new-nonce",
  "newOrder": "https://acme-v02.api.letsencrypt.org/acme/new-order",
  "renewalInfo": "https://acme-v02.api.letsencrypt.org/draft-ietf-acme-ari-01/renewalInfo/",
  "revokeCert": "https://acme-v02.api.letsencrypt.org/acme/revoke-cert"
}
2023-07-22 02:59:33,759:DEBUG:acme.client:Requesting fresh nonce
2023-07-22 02:59:33,759:DEBUG:acme.client:Sending HEAD request to https://acme-v02.api.letsencrypt.org/acme/new-nonce.
2023-07-22 02:59:33,920:DEBUG:urllib3.connectionpool:https://acme-v02.api.letsencrypt.org:443 "HEAD /acme/new-nonce HTTP/1.1" 200 0
2023-07-22 02:59:33,921:DEBUG:acme.client:Received response:
HTTP 200
Server: nginx
Date: Sat, 22 Jul 2023 02:59:33 GMT
Connection: keep-alive
Cache-Control: public, max-age=0, no-cache
Link: <https://acme-v02.api.letsencrypt.org/directory>;rel="index"
Replay-Nonce: 15C9Mq-rBYCh8l7fyhhOiIaaXnZmWrnisM4GTpsX6jtlKQA
X-Frame-Options: DENY
Strict-Transport-Security: max-age=604800


2023-07-22 02:59:33,921:DEBUG:acme.client:Storing nonce: 15C9Mq-rBYCh8l7fyhhOiIaaXnZmWrnisM4GTpsX6jtlKQA
2023-07-22 02:59:33,921:DEBUG:acme.client:JWS payload:
b'{\n  "contact": [\n    "mailto:adriannborella@gmail.com"\n  ],\n  "termsOfServiceAgreed": true\n}'
2023-07-22 02:59:33,928:DEBUG:acme.client:Sending POST request to https://acme-v02.api.letsencrypt.org/acme/new-acct:
{
  "protected": "eyJhbGciOiAiUlMyNTYiLCAiandrIjogeyJuIjogIjU3U0RrbU9rYXhSSWJ1ZEIxRUI3aUktZm82djVrR1lpejNaM3IwQnI5ejFDR1pRT0ZwNU5VWmdLNHdMR29oSGx5WXo1dE1hT015cnA1NzctZUZselhOOG1zbFlrb0VRTHA0cGNuanVVdlNMZnZxUFluRE5PLVhiWlA4a0lERkRCQkxkdmY4LW5xOFpKSm9jcml5V0RrRmw2dEFFTV85N1d1T1JxZEZ0SHRZRURib1lXaVRhd1hsQTdtSUFTcHZ6SlZ4cHdab2NTRk9YV3BDYlhBVjNWLTMxSjVJNnhrSzJhaWhNMXhLZFZjQnJKVkYzcWJuQmVNZ1BYdXpmZGVlX3RKbGQwM2Q0WDNzZDJ6MGlHeGJWSERocmxjbVRTWUI1S3pRV09TU2VSOGltcng4djhpX0NHcTFSVlRtb1ByN3psWWJ3VWFDM2duWkFiWG54dWdqYzF0USIsICJlIjogIkFRQUIiLCAia3R5IjogIlJTQSJ9LCAibm9uY2UiOiAiMTVDOU1xLXJCWUNoOGw3ZnloaE9pSWFhWG5abVdybmlzTTRHVHBzWDZqdGxLUUEiLCAidXJsIjogImh0dHBzOi8vYWNtZS12MDIuYXBpLmxldHNlbmNyeXB0Lm9yZy9hY21lL25ldy1hY2N0In0",
  "signature": "q6i19ELnxEEXhp8Vsrx6-63gIGbF8ErEMSmwOkEds3QqubmSUf0zzMXoFanvOYczYLyoSW6FMZ_GVgjLuY2Y1j4ophtdXJXnB5ozlL0ANjqpJ4cxmGdYmfpmWiIdRpqSh34-ADHzBMIJu_9V6LU_1fvP9MhtvNsbkoaLXbOcIIiMKj0H837ZE3QK3CtpF38G090wcNM87jDMHK5-z4SY_sj1-0FHiHQIIJo-5mYBCZ1yKOPnzrgOiLzB6j_2N0GrXj5g8sDTUbn_v7yt3wdS35HgihmY46qKLY1v9yGRZZXcgiQetK5oXQFz_EE2_SM1PmzwCHJwGfpwAozN7FGSOQ",
  "payload": "ewogICJjb250YWN0IjogWwogICAgIm1haWx0bzphZHJpYW5uYm9yZWxsYUBnbWFpbC5jb20iCiAgXSwKICAidGVybXNPZlNlcnZpY2VBZ3JlZWQiOiB0cnVlCn0"
}
2023-07-22 02:59:34,208:DEBUG:urllib3.connectionpool:https://acme-v02.api.letsencrypt.org:443 "POST /acme/new-acct HTTP/1.1" 201 569
2023-07-22 02:59:34,208:DEBUG:acme.client:Received response:
HTTP 201
Server: nginx
Date: Sat, 22 Jul 2023 02:59:34 GMT
Content-Type: application/json
Content-Length: 569
Connection: keep-alive
Boulder-Requester: 1218794957
Cache-Control: public, max-age=0, no-cache
Link: <https://acme-v02.api.letsencrypt.org/directory>;rel="index", <https://letsencrypt.org/documents/LE-SA-v1.3-September-21-2022.pdf>;rel="terms-of-service"
Location: https://acme-v02.api.letsencrypt.org/acme/acct/1218794957
Replay-Nonce: 15C9vj2e5H40rc8ETp76J0g-I36FUo9a8uWxCKQIoSexS8c
X-Frame-Options: DENY
Strict-Transport-Security: max-age=604800

{
  "key": {
    "kty": "RSA",
    "n": "57SDkmOkaxRIbudB1EB7iI-fo6v5kGYiz3Z3r0Br9z1CGZQOFp5NUZgK4wLGohHlyYz5tMaOMyrp577-eFlzXN8mslYkoEQLp4pcnjuUvSLfvqPYnDNO-XbZP8kIDFDBBLdvf8-nq8ZJJocriyWDkFl6tAEM_97WuORqdFtHtYEDboYWiTawXlA7mIASpvzJVxpwZocSFOXWpCbXAV3V-31J5I6xkK2aihM1xKdVcBrJVF3qbnBeMgPXuzfdee_tJld03d4X3sd2z0iGxbVHDhrlcmTSYB5KzQWOSSeR8imrx8v8i_CGq1RVTmoPr7zlYbwUaC3gnZAbXnxugjc1tQ",
    "e": "AQAB"
  },
  "contact": [
    "mailto:adriannborella@gmail.com"
  ],
  "initialIp": "129.151.117.160",
  "createdAt": "2023-07-22T02:59:34.055499752Z",
  "status": "valid"
}
2023-07-22 02:59:34,208:DEBUG:acme.client:Storing nonce: 15C9vj2e5H40rc8ETp76J0g-I36FUo9a8uWxCKQIoSexS8c
2023-07-22 02:59:36,672:DEBUG:certbot._internal.display.obj:Notifying user: Account registered.
2023-07-22 02:59:36,672:DEBUG:certbot._internal.main:Picked account: <Account(RegistrationResource(body=Registration(key=JWKRSA(key=<ComparableRSAKey(<cryptography.hazmat.backends.openssl.rsa._RSAPublicKey object at 0xffffb480f5b0>)>), contact=('mailto:adriannborella@gmail.com',), agreement=None, status='valid', terms_of_service_agreed=None, only_return_existing=None, external_account_binding=None), uri='https://acme-v02.api.letsencrypt.org/acme/acct/1218794957', new_authzr_uri=None, terms_of_service='https://letsencrypt.org/documents/LE-SA-v1.3-September-21-2022.pdf'), 14673b483dd7648c7d9d6522561badf8, Meta(creation_dt=datetime.datetime(2023, 7, 22, 2, 59, 34, tzinfo=<UTC>), creation_host='09524c5ba7ef', register_to_eff='adriannborella@gmail.com'))>
2023-07-22 02:59:36,673:DEBUG:certbot._internal.display.obj:Notifying user: Requesting a certificate for viconsultorarrhh.com.ar
2023-07-22 02:59:36,677:DEBUG:acme.client:JWS payload:
b'{\n  "identifiers": [\n    {\n      "type": "dns",\n      "value": "viconsultorarrhh.com.ar"\n    }\n  ]\n}'
2023-07-22 02:59:36,680:DEBUG:acme.client:Sending POST request to https://acme-v02.api.letsencrypt.org/acme/new-order:
{
  "protected": "eyJhbGciOiAiUlMyNTYiLCAia2lkIjogImh0dHBzOi8vYWNtZS12MDIuYXBpLmxldHNlbmNyeXB0Lm9yZy9hY21lL2FjY3QvMTIxODc5NDk1NyIsICJub25jZSI6ICIxNUM5dmoyZTVINDByYzhFVHA3NkowZy1JMzZGVW85YTh1V3hDS1FJb1NleFM4YyIsICJ1cmwiOiAiaHR0cHM6Ly9hY21lLXYwMi5hcGkubGV0c2VuY3J5cHQub3JnL2FjbWUvbmV3LW9yZGVyIn0",
  "signature": "g5WD0ZQ88FptqbQQIAO061YNg8fiLG980T0yxnd4Yzk0oH9BoPZj4ShMvW4tqc4ewibQKipoTXrq6Q-ymmCbgtOZXXF2boNrDcNxdG3LOnfvqZF5FZ_wuXYAqy6BuaTwnV74DFv6Dx-7q-Vl6_awhU5kh-NFcxW8Z94FzidCfquFckOFwhGgLDazG0ozSAiGpe3tC8uxtalDxZPF65xcOTdjqYv9uQq0BK5NYlsnwgsQJS2j-bicPbyuUXBHAr4RI8pUAUeOjXrN9zxsuZnZIzhXylFP2R7vdXZyyYhQ8va7usKXGfJ_dBJu5HKRlVyvtua-6MRh8q-00CBmEcWlTA",
  "payload": "ewogICJpZGVudGlmaWVycyI6IFsKICAgIHsKICAgICAgInR5cGUiOiAiZG5zIiwKICAgICAgInZhbHVlIjogInZpY29uc3VsdG9yYXJyaGguY29tLmFyIgogICAgfQogIF0KfQ"
}
2023-07-22 02:59:37,032:DEBUG:urllib3.connectionpool:https://acme-v02.api.letsencrypt.org:443 "POST /acme/new-order HTTP/1.1" 201 349
2023-07-22 02:59:37,032:DEBUG:acme.client:Received response:
HTTP 201
Server: nginx
Date: Sat, 22 Jul 2023 02:59:36 GMT
Content-Type: application/json
Content-Length: 349
Connection: keep-alive
Boulder-Requester: 1218794957
Cache-Control: public, max-age=0, no-cache
Link: <https://acme-v02.api.letsencrypt.org/directory>;rel="index"
Location: https://acme-v02.api.letsencrypt.org/acme/order/1218794957/196489427737
Replay-Nonce: 15C9cQFvWxe_bir3Sfry7re-WyG-5IR8AidP-PcoQ-fmtU8
X-Frame-Options: DENY
Strict-Transport-Security: max-age=604800

{
  "status": "pending",
  "expires": "2023-07-29T02:59:36Z",
  "identifiers": [
    {
      "type": "dns",
      "value": "viconsultorarrhh.com.ar"
    }
  ],
  "authorizations": [
    "https://acme-v02.api.letsencrypt.org/acme/authz-v3/247812503567"
  ],
  "finalize": "https://acme-v02.api.letsencrypt.org/acme/finalize/1218794957/196489427737"
}
2023-07-22 02:59:37,032:DEBUG:acme.client:Storing nonce: 15C9cQFvWxe_bir3Sfry7re-WyG-5IR8AidP-PcoQ-fmtU8
2023-07-22 02:59:37,033:DEBUG:acme.client:JWS payload:
b''
2023-07-22 02:59:37,037:DEBUG:acme.client:Sending POST request to https://acme-v02.api.letsencrypt.org/acme/authz-v3/247812503567:
{
  "protected": "eyJhbGciOiAiUlMyNTYiLCAia2lkIjogImh0dHBzOi8vYWNtZS12MDIuYXBpLmxldHNlbmNyeXB0Lm9yZy9hY21lL2FjY3QvMTIxODc5NDk1NyIsICJub25jZSI6ICIxNUM5Y1FGdld4ZV9iaXIzU2ZyeTdyZS1XeUctNUlSOEFpZFAtUGNvUS1mbXRVOCIsICJ1cmwiOiAiaHR0cHM6Ly9hY21lLXYwMi5hcGkubGV0c2VuY3J5cHQub3JnL2FjbWUvYXV0aHotdjMvMjQ3ODEyNTAzNTY3In0",
  "signature": "lOH3OTgvVYWqWIma2wQ_wb73ItZpSIy981DFXV3CCA-7QYKrl8LoJjl4ToniDNUo12Q2RTJ-4CV-wjT6Ah7YjE4TqFcWwi65AK-CYdi4ilrdJevHQ70os0XnkjxJXeR_HcxKwxLfbntvymhA3T1j0-ZFr-_7lsJF3y1OcIwjc1lrWsZ7oB4AifwHHI7F8RnmHB7uHWfB0iMrnGtD2EwGPqkqnHV_9ie-njT1-4-Daadqh2ce37FMp9Tsr1ouz6ScEPLUqbD31vEP6a6rTbshGMmzyjWhtba84hkyzhtpf1jqPnj-icA1LNmcG1t2GTTIO8uetcEFQFlUZmXe-4AFVQ",
  "payload": ""
}
2023-07-22 02:59:37,212:DEBUG:urllib3.connectionpool:https://acme-v02.api.letsencrypt.org:443 "POST /acme/authz-v3/247812503567 HTTP/1.1" 200 807
2023-07-22 02:59:37,212:DEBUG:acme.client:Received response:
HTTP 200
Server: nginx
Date: Sat, 22 Jul 2023 02:59:37 GMT
Content-Type: application/json
Content-Length: 807
Connection: keep-alive
Boulder-Requester: 1218794957
Cache-Control: public, max-age=0, no-cache
Link: <https://acme-v02.api.letsencrypt.org/directory>;rel="index"
Replay-Nonce: 15C9Ed6iMXIhXFrVz2vwM-3ExzOB0ml338eFb0h96eS7Af8
X-Frame-Options: DENY
Strict-Transport-Security: max-age=604800

{
  "identifier": {
    "type": "dns",
    "value": "viconsultorarrhh.com.ar"
  },
  "status": "pending",
  "expires": "2023-07-29T02:59:36Z",
  "challenges": [
    {
      "type": "http-01",
      "status": "pending",
      "url": "https://acme-v02.api.letsencrypt.org/acme/chall-v3/247812503567/RIlPIA",
      "token": "sOquau523EHCltJJxb_IlRvRS-fi9_xOP09wXmM_FKo"
    },
    {
      "type": "dns-01",
      "status": "pending",
      "url": "https://acme-v02.api.letsencrypt.org/acme/chall-v3/247812503567/nACJMQ",
      "token": "sOquau523EHCltJJxb_IlRvRS-fi9_xOP09wXmM_FKo"
    },
    {
      "type": "tls-alpn-01",
      "status": "pending",
      "url": "https://acme-v02.api.letsencrypt.org/acme/chall-v3/247812503567/-vq37g",
      "token": "sOquau523EHCltJJxb_IlRvRS-fi9_xOP09wXmM_FKo"
    }
  ]
}
2023-07-22 02:59:37,212:DEBUG:acme.client:Storing nonce: 15C9Ed6iMXIhXFrVz2vwM-3ExzOB0ml338eFb0h96eS7Af8
2023-07-22 02:59:37,213:INFO:certbot._internal.auth_handler:Performing the following challenges:
2023-07-22 02:59:37,213:INFO:certbot._internal.auth_handler:http-01 challenge for viconsultorarrhh.com.ar
2023-07-22 02:59:37,213:INFO:certbot._internal.plugins.webroot:Using the webroot path /var/www/certbot for all unmatched domains.
2023-07-22 02:59:37,213:DEBUG:certbot._internal.plugins.webroot:Creating root challenges validation dir at /var/www/certbot/.well-known/acme-challenge
2023-07-22 02:59:37,214:DEBUG:certbot._internal.plugins.webroot:Attempting to save validation to /var/www/certbot/.well-known/acme-challenge/sOquau523EHCltJJxb_IlRvRS-fi9_xOP09wXmM_FKo
2023-07-22 02:59:37,215:DEBUG:acme.client:JWS payload:
b'{}'
2023-07-22 02:59:37,218:DEBUG:acme.client:Sending POST request to https://acme-v02.api.letsencrypt.org/acme/chall-v3/247812503567/RIlPIA:
{
  "protected": "eyJhbGciOiAiUlMyNTYiLCAia2lkIjogImh0dHBzOi8vYWNtZS12MDIuYXBpLmxldHNlbmNyeXB0Lm9yZy9hY21lL2FjY3QvMTIxODc5NDk1NyIsICJub25jZSI6ICIxNUM5RWQ2aU1YSWhYRnJWejJ2d00tM0V4ek9CMG1sMzM4ZUZiMGg5NmVTN0FmOCIsICJ1cmwiOiAiaHR0cHM6Ly9hY21lLXYwMi5hcGkubGV0c2VuY3J5cHQub3JnL2FjbWUvY2hhbGwtdjMvMjQ3ODEyNTAzNTY3L1JJbFBJQSJ9",
  "signature": "ueyb-C2LZq3ph54jfzqGkEcBxmR1fB9ElG6qGQiFKP8grnwPFno-EJPwp31skDKyEvUrk2x0LY0oGrgJYbmEyBvf7cKG8CNeQzE5cQUl4YTYuR4nxrhX2Swn6QnVEe3TrUq1ZJn-J8u34xXdTishiJt6viQFMdTxOoxLWOi-qs4vzAVU2_iBQvD3gCFjHGgXpi0WiidDM3ESPLNoZ75LuR-nJKF0-ddXbmxA7aCekbhmI5FnMrZ620-sVxixOy-8LGQ1wJuj36Y2oyfzHH8QpHxOfXh1HYuL2us0-YD3orjhyl9J37X38KRz143hI8f8SHeBp_eKQtAAyoITIp81sg",
  "payload": "e30"
}
2023-07-22 02:59:37,385:DEBUG:urllib3.connectionpool:https://acme-v02.api.letsencrypt.org:443 "POST /acme/chall-v3/247812503567/RIlPIA HTTP/1.1" 200 187
2023-07-22 02:59:37,386:DEBUG:acme.client:Received response:
HTTP 200
Server: nginx
Date: Sat, 22 Jul 2023 02:59:37 GMT
Content-Type: application/json
Content-Length: 187
Connection: keep-alive
Boulder-Requester: 1218794957
Cache-Control: public, max-age=0, no-cache
Link: <https://acme-v02.api.letsencrypt.org/directory>;rel="index", <https://acme-v02.api.letsencrypt.org/acme/authz-v3/247812503567>;rel="up"
Location: https://acme-v02.api.letsencrypt.org/acme/chall-v3/247812503567/RIlPIA
Replay-Nonce: 15C9oyoNuK3652g2O-3PG3D70cFtaLVAmCkzJLQZ8RJQA7k
X-Frame-Options: DENY
Strict-Transport-Security: max-age=604800

{
  "type": "http-01",
  "status": "pending",
  "url": "https://acme-v02.api.letsencrypt.org/acme/chall-v3/247812503567/RIlPIA",
  "token": "sOquau523EHCltJJxb_IlRvRS-fi9_xOP09wXmM_FKo"
}
2023-07-22 02:59:37,386:DEBUG:acme.client:Storing nonce: 15C9oyoNuK3652g2O-3PG3D70cFtaLVAmCkzJLQZ8RJQA7k
2023-07-22 02:59:37,386:INFO:certbot._internal.auth_handler:Waiting for verification...
2023-07-22 02:59:38,387:DEBUG:acme.client:JWS payload:
b''
2023-07-22 02:59:38,391:DEBUG:acme.client:Sending POST request to https://acme-v02.api.letsencrypt.org/acme/authz-v3/247812503567:
{
  "protected": "eyJhbGciOiAiUlMyNTYiLCAia2lkIjogImh0dHBzOi8vYWNtZS12MDIuYXBpLmxldHNlbmNyeXB0Lm9yZy9hY21lL2FjY3QvMTIxODc5NDk1NyIsICJub25jZSI6ICIxNUM5b3lvTnVLMzY1MmcyTy0zUEczRDcwY0Z0YUxWQW1Da3pKTFFaOFJKUUE3ayIsICJ1cmwiOiAiaHR0cHM6Ly9hY21lLXYwMi5hcGkubGV0c2VuY3J5cHQub3JnL2FjbWUvYXV0aHotdjMvMjQ3ODEyNTAzNTY3In0",
  "signature": "FxkVm108sTLu7LFjHJuxeEBqkyA6keF9BOyX1BwbP34a4khpoEfVqeeFMxn_xGjJ6OSpDA-XPMwQx77jbwD_7PXhNvD-UhItmRHyYJVkZdUeJ1g2DL2YEp4NwAh3KL11OpaLrJTYpRQ1g-TJ0hFB0L3NELcHEv64QLUQEns1I9NCXyVOeTbpxiHXAmd2AS55F1t886KoNhjnNv-e9lo8RI8j3gzBYDvyosPzVqoVW0-hC_cI5YFt_XZy8V_WfgUgMp4KHrosBN3tpQ5L3StkEr9tprCai5u9PY33Y4UOR9mQwkI5h7p9AU9aGo1_dABm-A4h3Y75qYBFCprVFTsSIQ",
  "payload": ""
}
2023-07-22 02:59:38,555:DEBUG:urllib3.connectionpool:https://acme-v02.api.letsencrypt.org:443 "POST /acme/authz-v3/247812503567 HTTP/1.1" 200 807
2023-07-22 02:59:38,555:DEBUG:acme.client:Received response:
HTTP 200
Server: nginx
Date: Sat, 22 Jul 2023 02:59:38 GMT
Content-Type: application/json
Content-Length: 807
Connection: keep-alive
Boulder-Requester: 1218794957
Cache-Control: public, max-age=0, no-cache
Link: <https://acme-v02.api.letsencrypt.org/directory>;rel="index"
Replay-Nonce: 15C9KNOs_GzYQ9RNuLcY--VrAyEXrXm0If4SG6yFmlrtx9I
X-Frame-Options: DENY
Strict-Transport-Security: max-age=604800

{
  "identifier": {
    "type": "dns",
    "value": "viconsultorarrhh.com.ar"
  },
  "status": "pending",
  "expires": "2023-07-29T02:59:36Z",
  "challenges": [
    {
      "type": "http-01",
      "status": "pending",
      "url": "https://acme-v02.api.letsencrypt.org/acme/chall-v3/247812503567/RIlPIA",
      "token": "sOquau523EHCltJJxb_IlRvRS-fi9_xOP09wXmM_FKo"
    },
    {
      "type": "dns-01",
      "status": "pending",
      "url": "https://acme-v02.api.letsencrypt.org/acme/chall-v3/247812503567/nACJMQ",
      "token": "sOquau523EHCltJJxb_IlRvRS-fi9_xOP09wXmM_FKo"
    },
    {
      "type": "tls-alpn-01",
      "status": "pending",
      "url": "https://acme-v02.api.letsencrypt.org/acme/chall-v3/247812503567/-vq37g",
      "token": "sOquau523EHCltJJxb_IlRvRS-fi9_xOP09wXmM_FKo"
    }
  ]
}
2023-07-22 02:59:38,556:DEBUG:acme.client:Storing nonce: 15C9KNOs_GzYQ9RNuLcY--VrAyEXrXm0If4SG6yFmlrtx9I
2023-07-22 02:59:41,559:DEBUG:acme.client:JWS payload:
b''
2023-07-22 02:59:41,563:DEBUG:acme.client:Sending POST request to https://acme-v02.api.letsencrypt.org/acme/authz-v3/247812503567:
{
  "protected": "eyJhbGciOiAiUlMyNTYiLCAia2lkIjogImh0dHBzOi8vYWNtZS12MDIuYXBpLmxldHNlbmNyeXB0Lm9yZy9hY21lL2FjY3QvMTIxODc5NDk1NyIsICJub25jZSI6ICIxNUM5S05Pc19HellROVJOdUxjWS0tVnJBeUVYclhtMElmNFNHNnlGbWxydHg5SSIsICJ1cmwiOiAiaHR0cHM6Ly9hY21lLXYwMi5hcGkubGV0c2VuY3J5cHQub3JnL2FjbWUvYXV0aHotdjMvMjQ3ODEyNTAzNTY3In0",
  "signature": "vj6bO8L6asWsm85rvzy1XfluaAbzQDmqJkL6Uj02JTSrZhTtGWtDgd8vns1HdtWaA6snrUWDirwAZr84AVPjd9HQQ1OFFzvCBvXDoCNFG78rk9UN-_FCOrwbbgOQxOuBhw6OR7VETU3I7Fbj9Rl2_pl0ZSRfXj7_a-_5YdJjBk1XSrYS6rGrxbwUjmDn3_3Xt37VSsftjzu7Fog7U7xvzk4TZD_Yy25i6Dg7OCMWrN0guVrJ2Ppd0amDcCIyIYkB4RQasYzjGuaEk2-x-NDNJulk6EOj7s1MnjJ1rbyyizw12PlyrK5EL_DlkeYJEqU2kl2Cjeh0FtFhuVr_83HmHA",
  "payload": ""
}
2023-07-22 02:59:41,738:DEBUG:urllib3.connectionpool:https://acme-v02.api.letsencrypt.org:443 "POST /acme/authz-v3/247812503567 HTTP/1.1" 200 788
2023-07-22 02:59:41,739:DEBUG:acme.client:Received response:
HTTP 200
Server: nginx
Date: Sat, 22 Jul 2023 02:59:41 GMT
Content-Type: application/json
Content-Length: 788
Connection: keep-alive
Boulder-Requester: 1218794957
Cache-Control: public, max-age=0, no-cache
Link: <https://acme-v02.api.letsencrypt.org/directory>;rel="index"
Replay-Nonce: 15C9BkhHbPgDkLwRCwW_0sdcQxpDziQySIWE_vTGd-DEj8o
X-Frame-Options: DENY
Strict-Transport-Security: max-age=604800

{
  "identifier": {
    "type": "dns",
    "value": "viconsultorarrhh.com.ar"
  },
  "status": "valid",
  "expires": "2023-08-21T02:59:38Z",
  "challenges": [
    {
      "type": "http-01",
      "status": "valid",
      "url": "https://acme-v02.api.letsencrypt.org/acme/chall-v3/247812503567/RIlPIA",
      "token": "sOquau523EHCltJJxb_IlRvRS-fi9_xOP09wXmM_FKo",
      "validationRecord": [
        {
          "url": "http://viconsultorarrhh.com.ar/.well-known/acme-challenge/sOquau523EHCltJJxb_IlRvRS-fi9_xOP09wXmM_FKo",
          "hostname": "viconsultorarrhh.com.ar",
          "port": "80",
          "addressesResolved": [
            "129.151.117.160"
          ],
          "addressUsed": "129.151.117.160"
        }
      ],
      "validated": "2023-07-22T02:59:37Z"
    }
  ]
}
2023-07-22 02:59:41,739:DEBUG:acme.client:Storing nonce: 15C9BkhHbPgDkLwRCwW_0sdcQxpDziQySIWE_vTGd-DEj8o
2023-07-22 02:59:41,739:DEBUG:certbot._internal.error_handler:Calling registered functions
2023-07-22 02:59:41,740:INFO:certbot._internal.auth_handler:Cleaning up challenges
2023-07-22 02:59:41,740:DEBUG:certbot._internal.plugins.webroot:Removing /var/www/certbot/.well-known/acme-challenge/sOquau523EHCltJJxb_IlRvRS-fi9_xOP09wXmM_FKo
2023-07-22 02:59:41,740:DEBUG:certbot._internal.plugins.webroot:All challenges cleaned up
2023-07-22 02:59:41,740:DEBUG:certbot._internal.client:CSR: CSR(file=None, data=b'-----BEGIN CERTIFICATE REQUEST-----\nMIHvMIGXAgEAMAAwWTATBgcqhkjOPQIBBggqhkjOPQMBBwNCAASngre19WKhHnoN\n9l993nihZ5P4r5uA5i/Nf7++ATA3v6Hf47ahaM+AgeZI6pvT3VhNGc68AlydRtlI\nXtdGH98hoDUwMwYJKoZIhvcNAQkOMSYwJDAiBgNVHREEGzAZghd2aWNvbnN1bHRv\ncmFycmhoLmNvbS5hcjAKBggqhkjOPQQDAgNHADBEAiApc93mfaRsGBcKbAxh62aB\nYayC6MNcujYRtwqVGBFyeQIgP0SJR1/MeaPu4GkSM81BjWXDkTzZTyNBZDBnzuzB\nNQ0=\n-----END CERTIFICATE REQUEST-----\n', form='pem')
2023-07-22 02:59:41,740:DEBUG:certbot._internal.client:Will poll for certificate issuance until 2023-07-22 03:01:11.740980
2023-07-22 02:59:41,741:DEBUG:acme.client:JWS payload:
b'{\n  "csr": "MIHvMIGXAgEAMAAwWTATBgcqhkjOPQIBBggqhkjOPQMBBwNCAASngre19WKhHnoN9l993nihZ5P4r5uA5i_Nf7--ATA3v6Hf47ahaM-AgeZI6pvT3VhNGc68AlydRtlIXtdGH98hoDUwMwYJKoZIhvcNAQkOMSYwJDAiBgNVHREEGzAZghd2aWNvbnN1bHRvcmFycmhoLmNvbS5hcjAKBggqhkjOPQQDAgNHADBEAiApc93mfaRsGBcKbAxh62aBYayC6MNcujYRtwqVGBFyeQIgP0SJR1_MeaPu4GkSM81BjWXDkTzZTyNBZDBnzuzBNQ0"\n}'
2023-07-22 02:59:41,745:DEBUG:acme.client:Sending POST request to https://acme-v02.api.letsencrypt.org/acme/finalize/1218794957/196489427737:
{
  "protected": "eyJhbGciOiAiUlMyNTYiLCAia2lkIjogImh0dHBzOi8vYWNtZS12MDIuYXBpLmxldHNlbmNyeXB0Lm9yZy9hY21lL2FjY3QvMTIxODc5NDk1NyIsICJub25jZSI6ICIxNUM5QmtoSGJQZ0RrTHdSQ3dXXzBzZGNReHBEemlReVNJV0VfdlRHZC1ERWo4byIsICJ1cmwiOiAiaHR0cHM6Ly9hY21lLXYwMi5hcGkubGV0c2VuY3J5cHQub3JnL2FjbWUvZmluYWxpemUvMTIxODc5NDk1Ny8xOTY0ODk0Mjc3MzcifQ",
  "signature": "M2pwtTPwUjOfo_BeAT58Ch7XeLp9-dYoEBmXXI_6HcyOT7GJ5t_yh5QLenZ409IoajRycL2YEfMQ72LlnL5fYMjuatErPtuo5Z2CDNXMZbLx8POBN7Zl8WYs2KIMynYZQ946WE0Evdr_vAFOfnm-LUkZXwko68zuikP-V09bbEmIvOIJKpW_4VVeotQFlDYxkQdzsRXqEWGn9G6d5iLynkUZN4vt8itLeho7aXn_w89iKEDfaBACmK5K5iLwbhqhVD1KGWg6HL2n8ZXDCUlDcsvoSj6c-ygJEcT7hbQJNl1fB59AAu5rcd8keuzYYJWiycW0FD4i-t1aL5tV2GnqPQ",
  "payload": "ewogICJjc3IiOiAiTUlIdk1JR1hBZ0VBTUFBd1dUQVRCZ2NxaGtqT1BRSUJCZ2dxaGtqT1BRTUJCd05DQUFTbmdyZTE5V0toSG5vTjlsOTkzbmloWjVQNHI1dUE1aV9OZjctLUFUQTN2NkhmNDdhaGFNLUFnZVpJNnB2VDNWaE5HYzY4QWx5ZFJ0bElYdGRHSDk4aG9EVXdNd1lKS29aSWh2Y05BUWtPTVNZd0pEQWlCZ05WSFJFRUd6QVpnaGQyYVdOdmJuTjFiSFJ2Y21GeWNtaG9MbU52YlM1aGNqQUtCZ2dxaGtqT1BRUURBZ05IQURCRUFpQXBjOTNtZmFSc0dCY0tiQXhoNjJhQllheUM2TU5jdWpZUnR3cVZHQkZ5ZVFJZ1AwU0pSMV9NZWFQdTRHa1NNODFCaldYRGtUelpUeU5CWkRCbnp1ekJOUTAiCn0"
}
2023-07-22 02:59:42,533:DEBUG:urllib3.connectionpool:https://acme-v02.api.letsencrypt.org:443 "POST /acme/finalize/1218794957/196489427737 HTTP/1.1" 200 451
2023-07-22 02:59:42,534:DEBUG:acme.client:Received response:
HTTP 200
Server: nginx
Date: Sat, 22 Jul 2023 02:59:42 GMT
Content-Type: application/json
Content-Length: 451
Connection: keep-alive
Boulder-Requester: 1218794957
Cache-Control: public, max-age=0, no-cache
Link: <https://acme-v02.api.letsencrypt.org/directory>;rel="index"
Location: https://acme-v02.api.letsencrypt.org/acme/order/1218794957/196489427737
Replay-Nonce: 15C9xZDJFZvBbaR34pUsqPXdYurqiVFuI3z818M3zLCzIbo
X-Frame-Options: DENY
Strict-Transport-Security: max-age=604800

{
  "status": "valid",
  "expires": "2023-07-29T02:59:36Z",
  "identifiers": [
    {
      "type": "dns",
      "value": "viconsultorarrhh.com.ar"
    }
  ],
  "authorizations": [
    "https://acme-v02.api.letsencrypt.org/acme/authz-v3/247812503567"
  ],
  "finalize": "https://acme-v02.api.letsencrypt.org/acme/finalize/1218794957/196489427737",
  "certificate": "https://acme-v02.api.letsencrypt.org/acme/cert/04d8b43c68ca0ac845bf75b85cbd74d18196"
}
2023-07-22 02:59:42,534:DEBUG:acme.client:Storing nonce: 15C9xZDJFZvBbaR34pUsqPXdYurqiVFuI3z818M3zLCzIbo
2023-07-22 02:59:43,536:DEBUG:acme.client:JWS payload:
b''
2023-07-22 02:59:43,539:DEBUG:acme.client:Sending POST request to https://acme-v02.api.letsencrypt.org/acme/order/1218794957/196489427737:
{
  "protected": "eyJhbGciOiAiUlMyNTYiLCAia2lkIjogImh0dHBzOi8vYWNtZS12MDIuYXBpLmxldHNlbmNyeXB0Lm9yZy9hY21lL2FjY3QvMTIxODc5NDk1NyIsICJub25jZSI6ICIxNUM5eFpESkZadkJiYVIzNHBVc3FQWGRZdXJxaVZGdUkzejgxOE0zekxDeklibyIsICJ1cmwiOiAiaHR0cHM6Ly9hY21lLXYwMi5hcGkubGV0c2VuY3J5cHQub3JnL2FjbWUvb3JkZXIvMTIxODc5NDk1Ny8xOTY0ODk0Mjc3MzcifQ",
  "signature": "BjggSKsudzUPWg3Zvk7jEY29ztXaNnrIuhGSF9FRvKJjJhyrGjal0fU_DLzoj1UgT09r6xllol5fiqmd3qn3Q8v2CaLkkXuCg7YLX37LpjHFRi002vlihH-EX7Ima1MSj1usL1CObb_iqCnVIQ6rwofSyIhLg1qmqBDPX2B9qKpDeLJ3JBjIPpC4MWe5KJIzTAF-tQ7HqTf7SCBPuslGFPKfIk3UjgrYnRP3Nm_PynXUTMKjrZR2yT2EQL4tm513lS6io_LOgqW3aD3Tpbc_1ZamB2z4HgWVAPiYl0sC07oOmWgFrh5UeUq6zEWNFP3x9xQm4wuQbzNyC-ijRQWNPA",
  "payload": ""
}
2023-07-22 02:59:43,705:DEBUG:urllib3.connectionpool:https://acme-v02.api.letsencrypt.org:443 "POST /acme/order/1218794957/196489427737 HTTP/1.1" 200 451
2023-07-22 02:59:43,706:DEBUG:acme.client:Received response:
HTTP 200
Server: nginx
Date: Sat, 22 Jul 2023 02:59:43 GMT
Content-Type: application/json
Content-Length: 451
Connection: keep-alive
Cache-Control: public, max-age=0, no-cache
Link: <https://acme-v02.api.letsencrypt.org/directory>;rel="index"
Replay-Nonce: 15C98m3bQbiW8YWVoqIM3C9iJj00PGmOQlmZT4JE5Tl_VqE
X-Frame-Options: DENY
Strict-Transport-Security: max-age=604800

{
  "status": "valid",
  "expires": "2023-07-29T02:59:36Z",
  "identifiers": [
    {
      "type": "dns",
      "value": "viconsultorarrhh.com.ar"
    }
  ],
  "authorizations": [
    "https://acme-v02.api.letsencrypt.org/acme/authz-v3/247812503567"
  ],
  "finalize": "https://acme-v02.api.letsencrypt.org/acme/finalize/1218794957/196489427737",
  "certificate": "https://acme-v02.api.letsencrypt.org/acme/cert/04d8b43c68ca0ac845bf75b85cbd74d18196"
}
2023-07-22 02:59:43,706:DEBUG:acme.client:Storing nonce: 15C98m3bQbiW8YWVoqIM3C9iJj00PGmOQlmZT4JE5Tl_VqE
2023-07-22 02:59:43,706:DEBUG:acme.client:JWS payload:
b''
2023-07-22 02:59:43,710:DEBUG:acme.client:Sending POST request to https://acme-v02.api.letsencrypt.org/acme/cert/04d8b43c68ca0ac845bf75b85cbd74d18196:
{
  "protected": "eyJhbGciOiAiUlMyNTYiLCAia2lkIjogImh0dHBzOi8vYWNtZS12MDIuYXBpLmxldHNlbmNyeXB0Lm9yZy9hY21lL2FjY3QvMTIxODc5NDk1NyIsICJub25jZSI6ICIxNUM5OG0zYlFiaVc4WVdWb3FJTTNDOWlKajAwUEdtT1FsbVpUNEpFNVRsX1ZxRSIsICJ1cmwiOiAiaHR0cHM6Ly9hY21lLXYwMi5hcGkubGV0c2VuY3J5cHQub3JnL2FjbWUvY2VydC8wNGQ4YjQzYzY4Y2EwYWM4NDViZjc1Yjg1Y2JkNzRkMTgxOTYifQ",
  "signature": "fFPj6iu81btmFQk06OEtSxm9ia1daPbPBwC-tuGYal_aZKB7Bl1rtDwXbcUbX-17LkqAo1UWswvpwkTwQ2nGAiGQudy_wPcI-RpfIeTb18qB_SWeNTh2X6AV6YMk8V8PalDBJ24N9iAECwfj64LM5d9dNhoreQQa62RorGD4vcGx7F_AiqlTN6hJZax0w2WEFIAuGB_c5MLvzhhrmE5Aspc8znWA_9IWQQXKeACsoBwgjxJWMxKcvH--jEXmLgywTTthTGXhMN9iDN-97TLLFZnTzqy2mrCOc4Mm16jk1GVCkqaYoJF1HPy7EqVgQgauQ0O4GgnCBOOI1Y6oL5vzHg",
  "payload": ""
}
2023-07-22 02:59:43,899:DEBUG:urllib3.connectionpool:https://acme-v02.api.letsencrypt.org:443 "POST /acme/cert/04d8b43c68ca0ac845bf75b85cbd74d18196 HTTP/1.1" 200 5264
2023-07-22 02:59:43,900:DEBUG:acme.client:Received response:
HTTP 200
Server: nginx
Date: Sat, 22 Jul 2023 02:59:43 GMT
Content-Type: application/pem-certificate-chain
Content-Length: 5264
Connection: keep-alive
Cache-Control: public, max-age=0, no-cache
Link: <https://acme-v02.api.letsencrypt.org/directory>;rel="index", <https://acme-v02.api.letsencrypt.org/acme/cert/04d8b43c68ca0ac845bf75b85cbd74d18196/1>;rel="alternate"
Replay-Nonce: 327ClcUO0nEmi5UNYkiM5lD3RZ7LbKOhgpDNh7YKklDd3w8
X-Frame-Options: DENY
Strict-Transport-Security: max-age=604800

-----BEGIN CERTIFICATE-----
MIIEMDCCAxigAwIBAgISBNi0PGjKCshFv3W4XL100YGWMA0GCSqGSIb3DQEBCwUA
MDIxCzAJBgNVBAYTAlVTMRYwFAYDVQQKEw1MZXQncyBFbmNyeXB0MQswCQYDVQQD
EwJSMzAeFw0yMzA3MjIwMTU5NDFaFw0yMzEwMjAwMTU5NDBaMCIxIDAeBgNVBAMT
F3ZpY29uc3VsdG9yYXJyaGguY29tLmFyMFkwEwYHKoZIzj0CAQYIKoZIzj0DAQcD
QgAEp4K3tfVioR56DfZffd54oWeT+K+bgOYvzX+/vgEwN7+h3+O2oWjPgIHmSOqb
091YTRnOvAJcnUbZSF7XRh/fIaOCAhkwggIVMA4GA1UdDwEB/wQEAwIHgDAdBgNV
HSUEFjAUBggrBgEFBQcDAQYIKwYBBQUHAwIwDAYDVR0TAQH/BAIwADAdBgNVHQ4E
FgQUdRbUnJKAd7pj2z0jqMHsTl6zPJAwHwYDVR0jBBgwFoAUFC6zF7dYVsuuUAlA
5h+vnYsUwsYwVQYIKwYBBQUHAQEESTBHMCEGCCsGAQUFBzABhhVodHRwOi8vcjMu
by5sZW5jci5vcmcwIgYIKwYBBQUHMAKGFmh0dHA6Ly9yMy5pLmxlbmNyLm9yZy8w
IgYDVR0RBBswGYIXdmljb25zdWx0b3JhcnJoaC5jb20uYXIwEwYDVR0gBAwwCjAI
BgZngQwBAgEwggEEBgorBgEEAdZ5AgQCBIH1BIHyAPAAdgB6MoxU2LcttiDqOOBS
HumEFnAyE4VNO9IrwTpXo1LrUgAAAYl7ieWVAAAEAwBHMEUCIHCyQDj5ocsRnVTh
XPHNBSFFzU4n7YXlvy5KjgTNFIwmAiEAvewDOEkRmicpVzmI104cL+CUyEaAtBZO
h1DO6cYxHQAAdgCt9776fP8QyIudPZwePhhqtGcpXc+xDCTKhYY069yCigAAAYl7
ieXGAAAEAwBHMEUCIBnAdFUdtom7YpVuN8pLPU44xMlQRaXxDH1Mya3jQF/0AiEA
sFfbQX4lyG/4HYrqZiJlyrcdWOk2sG+5tYkC2AVDVXAwDQYJKoZIhvcNAQELBQAD
ggEBALe7YMJMFUbW1FomHILPQSMg/nu3sYTdiGpGZolGQOBQhLjxJHfPyMxNyF/L
dlfmzXwXS6t9h3kz1zItQCEvIWvbHsYV+oMc2R8xyynYGX3TKCNzCK+Bsg3pdGhs
LOj3Z+rDcI48OdCkRwearf/DgaTniKCGkor+iutTwyFlXQ5lxIPP0B4nAuhrvtz/
zpizbfIpvOscLRYkJyj5TQU36JT/5zc8kbhy7DKUvbYub1n+DJLl0kod/GoXvVnG
bZGB3AasJE0HOKWABa0aqk46SZodxbfKp4hdQB0MtVLjwvsWDkXTmqV7+VPQ7RsB
Z3IRPTpuj7HoU+WxJLstYWGKoMU=
-----END CERTIFICATE-----

-----BEGIN CERTIFICATE-----
MIIFFjCCAv6gAwIBAgIRAJErCErPDBinU/bWLiWnX1owDQYJKoZIhvcNAQELBQAw
TzELMAkGA1UEBhMCVVMxKTAnBgNVBAoTIEludGVybmV0IFNlY3VyaXR5IFJlc2Vh
cmNoIEdyb3VwMRUwEwYDVQQDEwxJU1JHIFJvb3QgWDEwHhcNMjAwOTA0MDAwMDAw
WhcNMjUwOTE1MTYwMDAwWjAyMQswCQYDVQQGEwJVUzEWMBQGA1UEChMNTGV0J3Mg
RW5jcnlwdDELMAkGA1UEAxMCUjMwggEiMA0GCSqGSIb3DQEBAQUAA4IBDwAwggEK
AoIBAQC7AhUozPaglNMPEuyNVZLD+ILxmaZ6QoinXSaqtSu5xUyxr45r+XXIo9cP
R5QUVTVXjJ6oojkZ9YI8QqlObvU7wy7bjcCwXPNZOOftz2nwWgsbvsCUJCWH+jdx
sxPnHKzhm+/b5DtFUkWWqcFTzjTIUu61ru2P3mBw4qVUq7ZtDpelQDRrK9O8Zutm
NHz6a4uPVymZ+DAXXbpyb/uBxa3Shlg9F8fnCbvxK/eG3MHacV3URuPMrSXBiLxg
Z3Vms/EY96Jc5lP/Ooi2R6X/ExjqmAl3P51T+c8B5fWmcBcUr2Ok/5mzk53cU6cG
/kiFHaFpriV1uxPMUgP17VGhi9sVAgMBAAGjggEIMIIBBDAOBgNVHQ8BAf8EBAMC
AYYwHQYDVR0lBBYwFAYIKwYBBQUHAwIGCCsGAQUFBwMBMBIGA1UdEwEB/wQIMAYB
Af8CAQAwHQYDVR0OBBYEFBQusxe3WFbLrlAJQOYfr52LFMLGMB8GA1UdIwQYMBaA
FHm0WeZ7tuXkAXOACIjIGlj26ZtuMDIGCCsGAQUFBwEBBCYwJDAiBggrBgEFBQcw
AoYWaHR0cDovL3gxLmkubGVuY3Iub3JnLzAnBgNVHR8EIDAeMBygGqAYhhZodHRw
Oi8veDEuYy5sZW5jci5vcmcvMCIGA1UdIAQbMBkwCAYGZ4EMAQIBMA0GCysGAQQB
gt8TAQEBMA0GCSqGSIb3DQEBCwUAA4ICAQCFyk5HPqP3hUSFvNVneLKYY611TR6W
PTNlclQtgaDqw+34IL9fzLdwALduO/ZelN7kIJ+m74uyA+eitRY8kc607TkC53wl
ikfmZW4/RvTZ8M6UK+5UzhK8jCdLuMGYL6KvzXGRSgi3yLgjewQtCPkIVz6D2QQz
CkcheAmCJ8MqyJu5zlzyZMjAvnnAT45tRAxekrsu94sQ4egdRCnbWSDtY7kh+BIm
lJNXoB1lBMEKIq4QDUOXoRgffuDghje1WrG9ML+Hbisq/yFOGwXD9RiX8F6sw6W4
avAuvDszue5L3sz85K+EC4Y/wFVDNvZo4TYXao6Z0f+lQKc0t8DQYzk1OXVu8rp2
yJMC6alLbBfODALZvYH7n7do1AZls4I9d1P4jnkDrQoxB3UqQ9hVl3LEKQ73xF1O
yK5GhDDX8oVfGKF5u+decIsH4YaTw7mP3GFxJSqv3+0lUFJoi5Lc5da149p90Ids
hCExroL1+7mryIkXPeFM5TgO9r0rvZaBFOvV2z0gp35Z0+L4WPlbuEjN/lxPFin+
HlUjr8gRsI3qfJOQFy/9rKIJR0Y/8Omwt/8oTWgy1mdeHmmjk7j1nYsvC9JSQ6Zv
MldlTTKB3zhThV1+XWYp6rjd5JW1zbVWEkLNxE7GJThEUG3szgBVGP7pSWTUTsqX
nLRbwHOoq7hHwg==
-----END CERTIFICATE-----

-----BEGIN CERTIFICATE-----
MIIFYDCCBEigAwIBAgIQQAF3ITfU6UK47naqPGQKtzANBgkqhkiG9w0BAQsFADA/
MSQwIgYDVQQKExtEaWdpdGFsIFNpZ25hdHVyZSBUcnVzdCBDby4xFzAVBgNVBAMT
DkRTVCBSb290IENBIFgzMB4XDTIxMDEyMDE5MTQwM1oXDTI0MDkzMDE4MTQwM1ow
TzELMAkGA1UEBhMCVVMxKTAnBgNVBAoTIEludGVybmV0IFNlY3VyaXR5IFJlc2Vh
cmNoIEdyb3VwMRUwEwYDVQQDEwxJU1JHIFJvb3QgWDEwggIiMA0GCSqGSIb3DQEB
AQUAA4ICDwAwggIKAoICAQCt6CRz9BQ385ueK1coHIe+3LffOJCMbjzmV6B493XC
ov71am72AE8o295ohmxEk7axY/0UEmu/H9LqMZshftEzPLpI9d1537O4/xLxIZpL
wYqGcWlKZmZsj348cL+tKSIG8+TA5oCu4kuPt5l+lAOf00eXfJlII1PoOK5PCm+D
LtFJV4yAdLbaL9A4jXsDcCEbdfIwPPqPrt3aY6vrFk/CjhFLfs8L6P+1dy70sntK
4EwSJQxwjQMpoOFTJOwT2e4ZvxCzSow/iaNhUd6shweU9GNx7C7ib1uYgeGJXDR5
bHbvO5BieebbpJovJsXQEOEO3tkQjhb7t/eo98flAgeYjzYIlefiN5YNNnWe+w5y
sR2bvAP5SQXYgd0FtCrWQemsAXaVCg/Y39W9Eh81LygXbNKYwagJZHduRze6zqxZ
Xmidf3LWicUGQSk+WT7dJvUkyRGnWqNMQB9GoZm1pzpRboY7nn1ypxIFeFntPlF4
FQsDj43QLwWyPntKHEtzBRL8xurgUBN8Q5N0s8p0544fAQjQMNRbcTa0B7rBMDBc
SLeCO5imfWCKoqMpgsy6vYMEG6KDA0Gh1gXxG8K28Kh8hjtGqEgqiNx2mna/H2ql
PRmP6zjzZN7IKw0KKP/32+IVQtQi0Cdd4Xn+GOdwiK1O5tmLOsbdJ1Fu/7xk9TND
TwIDAQABo4IBRjCCAUIwDwYDVR0TAQH/BAUwAwEB/zAOBgNVHQ8BAf8EBAMCAQYw
SwYIKwYBBQUHAQEEPzA9MDsGCCsGAQUFBzAChi9odHRwOi8vYXBwcy5pZGVudHJ1
c3QuY29tL3Jvb3RzL2RzdHJvb3RjYXgzLnA3YzAfBgNVHSMEGDAWgBTEp7Gkeyxx
+tvhS5B1/8QVYIWJEDBUBgNVHSAETTBLMAgGBmeBDAECATA/BgsrBgEEAYLfEwEB
ATAwMC4GCCsGAQUFBwIBFiJodHRwOi8vY3BzLnJvb3QteDEubGV0c2VuY3J5cHQu
b3JnMDwGA1UdHwQ1MDMwMaAvoC2GK2h0dHA6Ly9jcmwuaWRlbnRydXN0LmNvbS9E
U1RST09UQ0FYM0NSTC5jcmwwHQYDVR0OBBYEFHm0WeZ7tuXkAXOACIjIGlj26Ztu
MA0GCSqGSIb3DQEBCwUAA4IBAQAKcwBslm7/DlLQrt2M51oGrS+o44+/yQoDFVDC
5WxCu2+b9LRPwkSICHXM6webFGJueN7sJ7o5XPWioW5WlHAQU7G75K/QosMrAdSW
9MUgNTP52GE24HGNtLi1qoJFlcDyqSMo59ahy2cI2qBDLKobkx/J3vWraV0T9VuG
WCLKTVXkcGdtwlfFRjlBz4pYg1htmf5X6DYO8A4jqv2Il9DjXA6USbW1FzXSLr9O
he8Y4IWS6wY7bCkjCWDcRQJMEhg76fsO3txE+FiYruq9RUWhiF1myv4Q6W+CyBFC
Dfvp7OOGAN6dEOM4+qR9sdjoSYKEBpsr6GtPAQw4dy753ec5
-----END CERTIFICATE-----

2023-07-22 02:59:43,900:DEBUG:acme.client:Storing nonce: 327ClcUO0nEmi5UNYkiM5lD3RZ7LbKOhgpDNh7YKklDd3w8
2023-07-22 02:59:43,901:DEBUG:certbot._internal.storage:Creating directory /etc/letsencrypt/archive.
2023-07-22 02:59:43,902:DEBUG:certbot._internal.storage:Creating directory /etc/letsencrypt/live.
2023-07-22 02:59:43,902:DEBUG:certbot._internal.storage:Writing README to /etc/letsencrypt/live/README.
2023-07-22 02:59:43,902:DEBUG:certbot._internal.storage:Creating directory /etc/letsencrypt/archive/viconsultorarrhh.com.ar.
2023-07-22 02:59:43,902:DEBUG:certbot._internal.storage:Creating directory /etc/letsencrypt/live/viconsultorarrhh.com.ar.
2023-07-22 02:59:43,902:DEBUG:certbot._internal.storage:Writing certificate to /etc/letsencrypt/live/viconsultorarrhh.com.ar/cert.pem.
2023-07-22 02:59:43,903:DEBUG:certbot._internal.storage:Writing private key to /etc/letsencrypt/live/viconsultorarrhh.com.ar/privkey.pem.
2023-07-22 02:59:43,903:DEBUG:certbot._internal.storage:Writing chain to /etc/letsencrypt/live/viconsultorarrhh.com.ar/chain.pem.
2023-07-22 02:59:43,903:DEBUG:certbot._internal.storage:Writing full chain to /etc/letsencrypt/live/viconsultorarrhh.com.ar/fullchain.pem.
2023-07-22 02:59:43,903:DEBUG:certbot._internal.storage:Writing README to /etc/letsencrypt/live/viconsultorarrhh.com.ar/README.
2023-07-22 02:59:43,919:DEBUG:certbot._internal.plugins.selection:Requested authenticator webroot and installer <certbot._internal.cli.cli_utils._Default object at 0xffffb48c27a0>
2023-07-22 02:59:43,919:DEBUG:certbot._internal.cli:Var authenticator=webroot (set by user).
2023-07-22 02:59:43,919:DEBUG:certbot._internal.cli:Var webroot_path=/var/www/certbot/ (set by user).
2023-07-22 02:59:43,919:DEBUG:certbot._internal.cli:Var webroot_path=/var/www/certbot/ (set by user).
2023-07-22 02:59:43,919:DEBUG:certbot._internal.cli:Var webroot_map={'webroot_path'} (set by user).
2023-07-22 02:59:43,919:DEBUG:certbot._internal.storage:Writing new config /etc/letsencrypt/renewal/viconsultorarrhh.com.ar.conf.
2023-07-22 02:59:43,922:DEBUG:certbot._internal.display.obj:Notifying user: 
Successfully received certificate.
Certificate is saved at: /etc/letsencrypt/live/viconsultorarrhh.com.ar/fullchain.pem
Key is saved at:         /etc/letsencrypt/live/viconsultorarrhh.com.ar/privkey.pem
This certificate expires on 2023-10-20.
These files will be updated when the certificate renews.
2023-07-22 02:59:43,922:DEBUG:certbot._internal.display.obj:Notifying user: NEXT STEPS:
2023-07-22 02:59:43,922:DEBUG:certbot._internal.display.obj:Notifying user: - The certificate will need to be renewed before it expires. Certbot can automatically renew the certificate in the background, but you may need to take steps to enable that functionality. See https://certbot.org/renewal-setup for instructions.
2023-07-22 02:59:43,922:INFO:certbot._internal.eff:Subscribe to the EFF mailing list (email: adriannborella@gmail.com).
2023-07-22 02:59:43,922:DEBUG:certbot._internal.eff:Sending POST request to https://supporters.eff.org/subscribe/certbot:
{'data_type': 'json', 'email': 'adriannborella@gmail.com', 'form_id': 'eff_supporters_library_subscribe_form'}
2023-07-22 02:59:43,923:DEBUG:urllib3.connectionpool:Starting new HTTPS connection (1): supporters.eff.org:443
2023-07-22 02:59:44,864:DEBUG:urllib3.connectionpool:https://supporters.eff.org:443 "POST /subscribe/certbot HTTP/1.1" 200 52
2023-07-22 02:59:44,866:DEBUG:certbot._internal.eff:Received response:
b'{"status":false,"message":"Please try again later."}'
2023-07-22 02:59:44,866:DEBUG:certbot._internal.display.obj:Notifying user: We were unable to subscribe you the EFF mailing list because your e-mail address appears to be invalid. You can try again later by visiting https://act.eff.org.
2023-07-22 02:59:44,869:DEBUG:certbot._internal.display.obj:Notifying user: If you like Certbot, please consider supporting our work by:
 * Donating to ISRG / Let's Encrypt:   https://letsencrypt.org/donate
 * Donating to EFF:                    https://eff.org/donate-le
